[2025-09-30T22:12:52.573+0000] {manager.py:470} INFO - Processing files using up to 2 processes at a time 
[2025-09-30T22:12:52.573+0000] {manager.py:471} INFO - Process each file at most once every 30 seconds
[2025-09-30T22:12:52.574+0000] {manager.py:472} INFO - Checking for new files in /opt/airflow/dags every 300 seconds
[2025-09-30T22:12:52.574+0000] {manager.py:737} INFO - Searching for files in /opt/airflow/dags
[2025-09-30T22:12:52.575+0000] {manager.py:740} INFO - There are 2 files in /opt/airflow/dags
[2025-09-30T22:12:52.644+0000] {manager.py:878} INFO - 
================================================================================
DAG File Processing Stats

File Path                                  PID  Runtime      # DAGs    # Errors  Last Runtime    Last Run
---------------------------------------  -----  ---------  --------  ----------  --------------  ----------
/opt/airflow/dags/train_churn_model.py     164  0.04s             0           0
/opt/airflow/dags/inference_pipeline.py    167  0.04s             0           0
================================================================================
[2025-09-30T22:13:22.700+0000] {manager.py:878} INFO - 
================================================================================
DAG File Processing Stats

File Path                                  PID  Runtime      # DAGs    # Errors  Last Runtime    Last Run
---------------------------------------  -----  ---------  --------  ----------  --------------  -------------------
/opt/airflow/dags/train_churn_model.py    2734  0.25s             1           0  0.53s           2025-09-30T22:13:22
/opt/airflow/dags/inference_pipeline.py   2759  0.01s             1           0  0.06s           2025-09-30T22:13:22
================================================================================
[2025-09-30T22:13:52.740+0000] {manager.py:878} INFO - 
================================================================================
DAG File Processing Stats

File Path                                  PID  Runtime      # DAGs    # Errors  Last Runtime    Last Run
---------------------------------------  -----  ---------  --------  ----------  --------------  -------------------
/opt/airflow/dags/train_churn_model.py    5582  0.12s             1           0  0.52s           2025-09-30T22:13:52
/opt/airflow/dags/inference_pipeline.py   5597  0.00s             1           0  0.06s           2025-09-30T22:13:52
================================================================================
[2025-09-30T22:14:22.761+0000] {manager.py:878} INFO - 
================================================================================
DAG File Processing Stats

File Path                                  PID  Runtime      # DAGs    # Errors  Last Runtime    Last Run
---------------------------------------  -----  ---------  --------  ----------  --------------  -------------------
/opt/airflow/dags/train_churn_model.py    7980  0.14s             1           0  0.69s           2025-09-30T22:14:22
/opt/airflow/dags/inference_pipeline.py   7990  0.00s             1           0  0.08s           2025-09-30T22:14:22
================================================================================
[2025-09-30T22:14:52.768+0000] {manager.py:878} INFO - 
================================================================================
DAG File Processing Stats

File Path                                  PID  Runtime      # DAGs    # Errors  Last Runtime    Last Run
---------------------------------------  -----  ---------  --------  ----------  --------------  -------------------
/opt/airflow/dags/train_churn_model.py   10469  0.41s             1           0  0.60s           2025-09-30T22:14:52
/opt/airflow/dags/inference_pipeline.py  10506  0.00s             1           0  0.06s           2025-09-30T22:14:52
================================================================================
[2025-09-30T22:15:22.816+0000] {manager.py:878} INFO - 
================================================================================
DAG File Processing Stats

File Path                                  PID  Runtime      # DAGs    # Errors  Last Runtime    Last Run
---------------------------------------  -----  ---------  --------  ----------  --------------  -------------------
/opt/airflow/dags/train_churn_model.py   12924  0.52s             1           0  0.64s           2025-09-30T22:15:22
/opt/airflow/dags/inference_pipeline.py  12974  0.00s             1           0  0.05s           2025-09-30T22:15:22
================================================================================
[2025-09-30T22:15:52.864+0000] {manager.py:878} INFO - 
================================================================================
DAG File Processing Stats

File Path                                  PID  Runtime      # DAGs    # Errors  Last Runtime    Last Run
---------------------------------------  -----  ---------  --------  ----------  --------------  -------------------
/opt/airflow/dags/train_churn_model.py   15223  0.65s             1           0  0.72s           2025-09-30T22:15:52
/opt/airflow/dags/inference_pipeline.py  15260  0.00s             1           0  0.09s           2025-09-30T22:15:52
================================================================================
[2025-09-30T22:16:22.956+0000] {manager.py:878} INFO - 
================================================================================
DAG File Processing Stats

File Path                                  PID  Runtime      # DAGs    # Errors  Last Runtime    Last Run
---------------------------------------  -----  ---------  --------  ----------  --------------  -------------------
/opt/airflow/dags/train_churn_model.py   17782  0.30s             1           0  0.56s           2025-09-30T22:16:22
/opt/airflow/dags/inference_pipeline.py  17809  0.00s             1           0  0.10s           2025-09-30T22:16:22
================================================================================
[2025-09-30T22:16:52.962+0000] {manager.py:878} INFO - 
================================================================================
DAG File Processing Stats

File Path                                  PID  Runtime      # DAGs    # Errors  Last Runtime    Last Run
---------------------------------------  -----  ---------  --------  ----------  --------------  -------------------
/opt/airflow/dags/train_churn_model.py   19704  0.10s             1           0  0.81s           2025-09-30T22:16:52
/opt/airflow/dags/inference_pipeline.py  19714  0.00s             1           0  0.08s           2025-09-30T22:16:52
================================================================================
[2025-09-30T22:17:23.020+0000] {manager.py:878} INFO - 
================================================================================
DAG File Processing Stats

File Path                                  PID  Runtime      # DAGs    # Errors  Last Runtime    Last Run
---------------------------------------  -----  ---------  --------  ----------  --------------  -------------------
/opt/airflow/dags/train_churn_model.py   21652  0.39s             1           0  0.62s           2025-09-30T22:17:22
/opt/airflow/dags/inference_pipeline.py  21682  0.00s             1           0  0.09s           2025-09-30T22:17:23
================================================================================
[2025-09-30T22:17:52.611+0000] {manager.py:737} INFO - Searching for files in /opt/airflow/dags
[2025-09-30T22:17:52.619+0000] {manager.py:740} INFO - There are 2 files in /opt/airflow/dags
[2025-09-30T22:17:53.174+0000] {manager.py:878} INFO - 
================================================================================
DAG File Processing Stats

File Path                                  PID  Runtime      # DAGs    # Errors  Last Runtime    Last Run
---------------------------------------  -----  ---------  --------  ----------  --------------  -------------------
/opt/airflow/dags/train_churn_model.py   24259  0.69s             1           0  0.58s           2025-09-30T22:17:52
/opt/airflow/dags/inference_pipeline.py  24286  0.00s             1           0  0.18s           2025-09-30T22:17:53
================================================================================
[2025-09-30T22:18:23.199+0000] {manager.py:878} INFO - 
================================================================================
DAG File Processing Stats

File Path                                  PID  Runtime      # DAGs    # Errors  Last Runtime    Last Run
---------------------------------------  -----  ---------  --------  ----------  --------------  -------------------
/opt/airflow/dags/train_churn_model.py   26205  0.13s             1           0  0.53s           2025-09-30T22:18:23
/opt/airflow/dags/inference_pipeline.py  26221  0.00s             1           0  0.06s           2025-09-30T22:18:23
================================================================================
[2025-09-30T22:18:53.211+0000] {manager.py:878} INFO - 
================================================================================
DAG File Processing Stats

File Path                                  PID  Runtime      # DAGs    # Errors  Last Runtime    Last Run
---------------------------------------  -----  ---------  --------  ----------  --------------  -------------------
/opt/airflow/dags/train_churn_model.py   29168  0.30s             1           0  0.50s           2025-09-30T22:18:52
/opt/airflow/dags/inference_pipeline.py  29200  0.00s             1           0  0.05s           2025-09-30T22:18:53
================================================================================
[2025-09-30T22:19:23.251+0000] {manager.py:878} INFO - 
================================================================================
DAG File Processing Stats

File Path                                  PID  Runtime      # DAGs    # Errors  Last Runtime    Last Run
---------------------------------------  -----  ---------  --------  ----------  --------------  -------------------
/opt/airflow/dags/train_churn_model.py   32032  0.36s             1           0  0.46s           2025-09-30T22:19:22
/opt/airflow/dags/inference_pipeline.py  32064  0.00s             1           0  0.06s           2025-09-30T22:19:23
================================================================================
[2025-09-30T22:19:53.277+0000] {manager.py:878} INFO - 
================================================================================
DAG File Processing Stats

File Path                                  PID  Runtime      # DAGs    # Errors  Last Runtime    Last Run
---------------------------------------  -----  ---------  --------  ----------  --------------  -------------------
/opt/airflow/dags/train_churn_model.py   34830  0.36s             1           0  0.56s           2025-09-30T22:19:52
/opt/airflow/dags/inference_pipeline.py  34872  0.00s             1           0  0.05s           2025-09-30T22:19:53
================================================================================
[2025-09-30T22:20:23.332+0000] {manager.py:878} INFO - 
================================================================================
DAG File Processing Stats

File Path                                  PID  Runtime      # DAGs    # Errors  Last Runtime    Last Run
---------------------------------------  -----  ---------  --------  ----------  --------------  -------------------
/opt/airflow/dags/train_churn_model.py   37635  0.07s             1           0  0.58s           2025-09-30T22:20:23
/opt/airflow/dags/inference_pipeline.py  37645  0.00s             1           0  0.06s           2025-09-30T22:20:23
================================================================================
[2025-09-30T22:20:53.382+0000] {manager.py:878} INFO - 
================================================================================
DAG File Processing Stats

File Path                                  PID  Runtime      # DAGs    # Errors  Last Runtime    Last Run
---------------------------------------  -----  ---------  --------  ----------  --------------  -------------------
/opt/airflow/dags/train_churn_model.py   39759  0.78s             1           0  0.99s           2025-09-30T22:20:52
/opt/airflow/dags/inference_pipeline.py  39812  0.00s             1           0  0.06s           2025-09-30T22:20:53
================================================================================
[2025-09-30T22:21:23.520+0000] {manager.py:878} INFO - 
================================================================================
DAG File Processing Stats

File Path                                  PID  Runtime      # DAGs    # Errors  Last Runtime    Last Run
---------------------------------------  -----  ---------  --------  ----------  --------------  -------------------
/opt/airflow/dags/train_churn_model.py   42245  0.01s             1           0  0.47s           2025-09-30T22:21:23
/opt/airflow/dags/inference_pipeline.py  42248  0.00s             1           0  0.05s           2025-09-30T22:21:23
================================================================================
[2025-09-30T22:21:53.532+0000] {manager.py:878} INFO - 
================================================================================
DAG File Processing Stats

File Path                                  PID  Runtime      # DAGs    # Errors  Last Runtime    Last Run
---------------------------------------  -----  ---------  --------  ----------  --------------  -------------------
/opt/airflow/dags/train_churn_model.py   44682  0.40s             1           0  0.55s           2025-09-30T22:21:53
/opt/airflow/dags/inference_pipeline.py  44719  0.00s             1           0  0.05s           2025-09-30T22:21:53
================================================================================
[2025-09-30T22:22:23.547+0000] {manager.py:878} INFO - 
================================================================================
DAG File Processing Stats

File Path                                  PID  Runtime      # DAGs    # Errors  Last Runtime    Last Run
---------------------------------------  -----  ---------  --------  ----------  --------------  -------------------
/opt/airflow/dags/train_churn_model.py   47009  0.18s             1           0  0.74s           2025-09-30T22:22:23
/opt/airflow/dags/inference_pipeline.py  47022  0.00s             1           0  0.07s           2025-09-30T22:22:23
================================================================================
[2025-09-30T22:22:52.668+0000] {manager.py:737} INFO - Searching for files in /opt/airflow/dags
[2025-09-30T22:22:52.678+0000] {manager.py:740} INFO - There are 2 files in /opt/airflow/dags
[2025-09-30T22:22:53.582+0000] {manager.py:878} INFO - 
================================================================================
DAG File Processing Stats

File Path                                  PID  Runtime      # DAGs    # Errors  Last Runtime    Last Run
---------------------------------------  -----  ---------  --------  ----------  --------------  -------------------
/opt/airflow/dags/train_churn_model.py   48873  0.38s             1           0  1.06s           2025-09-30T22:22:53
/opt/airflow/dags/inference_pipeline.py  48900  0.00s             1           0  0.07s           2025-09-30T22:22:53
================================================================================
[2025-09-30T22:23:23.597+0000] {manager.py:878} INFO - 
================================================================================
DAG File Processing Stats

File Path                                  PID  Runtime      # DAGs    # Errors  Last Runtime    Last Run
---------------------------------------  -----  ---------  --------  ----------  --------------  -------------------
/opt/airflow/dags/train_churn_model.py   51421  0.34s             1           0  0.60s           2025-09-30T22:23:23
/opt/airflow/dags/inference_pipeline.py  51453  0.00s             1           0  0.06s           2025-09-30T22:23:23
================================================================================
[2025-09-30T22:23:53.612+0000] {manager.py:878} INFO - 
================================================================================
DAG File Processing Stats

File Path                                  PID  Runtime      # DAGs    # Errors  Last Runtime    Last Run
---------------------------------------  -----  ---------  --------  ----------  --------------  -------------------
/opt/airflow/dags/train_churn_model.py   53509  0.32s             1           0  0.73s           2025-09-30T22:23:53
/opt/airflow/dags/inference_pipeline.py  53539  0.00s             1           0  0.06s           2025-09-30T22:23:53
================================================================================
[2025-09-30T22:24:23.669+0000] {manager.py:878} INFO - 
================================================================================
DAG File Processing Stats

File Path                                  PID  Runtime      # DAGs    # Errors  Last Runtime    Last Run
---------------------------------------  -----  ---------  --------  ----------  --------------  -------------------
/opt/airflow/dags/train_churn_model.py   55629  0.46s             1           0  0.85s           2025-09-30T22:24:23
/opt/airflow/dags/inference_pipeline.py  55661  0.00s             1           0  0.06s           2025-09-30T22:24:23
================================================================================
[2025-09-30T22:24:53.705+0000] {manager.py:878} INFO - 
================================================================================
DAG File Processing Stats

File Path                                  PID  Runtime      # DAGs    # Errors  Last Runtime    Last Run
---------------------------------------  -----  ---------  --------  ----------  --------------  -------------------
/opt/airflow/dags/train_churn_model.py   57851  0.34s             1           0  0.99s           2025-09-30T22:24:53
/opt/airflow/dags/inference_pipeline.py  57873  0.00s             1           0  0.09s           2025-09-30T22:24:53
================================================================================
[2025-09-30T22:25:23.765+0000] {manager.py:878} INFO - 
================================================================================
DAG File Processing Stats

File Path                                  PID  Runtime      # DAGs    # Errors  Last Runtime    Last Run
---------------------------------------  -----  ---------  --------  ----------  --------------  -------------------
/opt/airflow/dags/train_churn_model.py   59603  0.45s             1           0  0.74s           2025-09-30T22:25:23
/opt/airflow/dags/inference_pipeline.py  59635  0.00s             1           0  0.07s           2025-09-30T22:25:23
================================================================================
[2025-09-30T22:25:53.790+0000] {manager.py:878} INFO - 
================================================================================
DAG File Processing Stats

File Path                                  PID  Runtime      # DAGs    # Errors  Last Runtime    Last Run
---------------------------------------  -----  ---------  --------  ----------  --------------  -------------------
/opt/airflow/dags/train_churn_model.py   61562  0.94s             1           0  0.81s           2025-09-30T22:25:52
/opt/airflow/dags/inference_pipeline.py  61609  0.00s             1           0  0.07s           2025-09-30T22:25:53
================================================================================
[2025-09-30T22:26:23.891+0000] {manager.py:878} INFO - 
================================================================================
DAG File Processing Stats

File Path                                  PID  Runtime      # DAGs    # Errors  Last Runtime    Last Run
---------------------------------------  -----  ---------  --------  ----------  --------------  -------------------
/opt/airflow/dags/train_churn_model.py   63496  0.49s             1           0  0.89s           2025-09-30T22:26:23
/opt/airflow/dags/inference_pipeline.py  63526  0.00s             1           0  0.18s           2025-09-30T22:26:23
================================================================================
[2025-09-30T22:26:53.934+0000] {manager.py:878} INFO - 
================================================================================
DAG File Processing Stats

File Path                                  PID  Runtime      # DAGs    # Errors  Last Runtime    Last Run
---------------------------------------  -----  ---------  --------  ----------  --------------  -------------------
/opt/airflow/dags/train_churn_model.py   65703  0.10s             1           0  0.73s           2025-09-30T22:26:53
/opt/airflow/dags/inference_pipeline.py  65713  0.00s             1           0  0.06s           2025-09-30T22:26:53
================================================================================
[2025-09-30T22:27:24.008+0000] {manager.py:878} INFO - 
================================================================================
DAG File Processing Stats

File Path                                  PID  Runtime      # DAGs    # Errors  Last Runtime    Last Run
---------------------------------------  -----  ---------  --------  ----------  --------------  -------------------
/opt/airflow/dags/train_churn_model.py   67866  1.30s             1           0  0.87s           2025-09-30T22:27:22
/opt/airflow/dags/inference_pipeline.py  67917  0.00s             1           0  0.08s           2025-09-30T22:27:24
================================================================================
[2025-09-30T22:27:52.669+0000] {manager.py:737} INFO - Searching for files in /opt/airflow/dags
[2025-09-30T22:27:52.673+0000] {manager.py:740} INFO - There are 2 files in /opt/airflow/dags
[2025-09-30T22:27:54.087+0000] {manager.py:878} INFO - 
================================================================================
DAG File Processing Stats

File Path                                  PID  Runtime      # DAGs    # Errors  Last Runtime    Last Run
---------------------------------------  -----  ---------  --------  ----------  --------------  -------------------
/opt/airflow/dags/train_churn_model.py   69525  0.34s             1           0  1.24s           2025-09-30T22:27:53
/opt/airflow/dags/inference_pipeline.py  69547  0.00s             1           0  0.10s           2025-09-30T22:27:54
================================================================================
[2025-09-30T22:28:24.147+0000] {manager.py:878} INFO - 
================================================================================
DAG File Processing Stats

File Path                                  PID  Runtime      # DAGs    # Errors  Last Runtime    Last Run
---------------------------------------  -----  ---------  --------  ----------  --------------  -------------------
/opt/airflow/dags/train_churn_model.py   71292  0.64s             1           0  0.62s           2025-09-30T22:28:23
/opt/airflow/dags/inference_pipeline.py  71343  0.00s             1           0  0.10s           2025-09-30T22:28:24
================================================================================
[2025-09-30T22:28:54.164+0000] {manager.py:878} INFO - 
================================================================================
DAG File Processing Stats

File Path                                  PID  Runtime      # DAGs    # Errors  Last Runtime    Last Run
---------------------------------------  -----  ---------  --------  ----------  --------------  -------------------
/opt/airflow/dags/train_churn_model.py   73765  0.14s             1           0  0.65s           2025-09-30T22:28:54
/opt/airflow/dags/inference_pipeline.py  73780  0.00s             1           0  0.05s           2025-09-30T22:28:54
================================================================================
[2025-09-30T22:29:24.170+0000] {manager.py:878} INFO - 
================================================================================
DAG File Processing Stats

File Path                                  PID  Runtime      # DAGs    # Errors  Last Runtime    Last Run
---------------------------------------  -----  ---------  --------  ----------  --------------  -------------------
/opt/airflow/dags/train_churn_model.py   75766  0.12s             1           0  0.81s           2025-09-30T22:29:24
/opt/airflow/dags/inference_pipeline.py  75776  0.00s             1           0  0.07s           2025-09-30T22:29:24
================================================================================
[2025-09-30T22:29:54.231+0000] {manager.py:878} INFO - 
================================================================================
DAG File Processing Stats

File Path                                  PID  Runtime      # DAGs    # Errors  Last Runtime    Last Run
---------------------------------------  -----  ---------  --------  ----------  --------------  -------------------
/opt/airflow/dags/train_churn_model.py   77671  0.99s             1           0  0.73s           2025-09-30T22:29:53
/opt/airflow/dags/inference_pipeline.py  77703  0.00s             1           0  0.16s           2025-09-30T22:29:54
================================================================================
[2025-10-01T03:44:43.124+0000] {manager.py:737} INFO - Searching for files in /opt/airflow/dags
[2025-10-01T03:44:43.831+0000] {manager.py:740} INFO - There are 2 files in /opt/airflow/dags
[2025-10-01T03:44:43.851+0000] {manager.py:1203} ERROR - Processor for /opt/airflow/dags/train_churn_model.py with PID 78358 started at 2025-09-30T22:30:18.506939+00:00 has timed out, killing it.
[2025-10-01T03:44:43.862+0000] {manager.py:1203} ERROR - Processor for /opt/airflow/dags/inference_pipeline.py with PID 78395 started at 2025-09-30T22:30:19.959641+00:00 has timed out, killing it.
[2025-10-01T03:44:43.901+0000] {manager.py:878} INFO - 
================================================================================
DAG File Processing Stats

File Path                                  PID  Runtime      # DAGs    # Errors  Last Runtime    Last Run
---------------------------------------  -----  ---------  --------  ----------  --------------  -------------------
/opt/airflow/dags/train_churn_model.py   78404  0.03s             0           1  18865.34s       2025-10-01T03:44:43
/opt/airflow/dags/inference_pipeline.py  78407  0.01s             0           1  18863.89s       2025-10-01T03:44:43
================================================================================
[2025-10-01T03:45:13.946+0000] {manager.py:878} INFO - 
================================================================================
DAG File Processing Stats

File Path                                  PID  Runtime      # DAGs    # Errors  Last Runtime    Last Run
---------------------------------------  -----  ---------  --------  ----------  --------------  -------------------
/opt/airflow/dags/train_churn_model.py   80070  0.11s             1           0  0.60s           2025-10-01T03:45:13
/opt/airflow/dags/inference_pipeline.py  80080  0.00s             1           0  0.06s           2025-10-01T03:45:13
================================================================================
[2025-10-01T03:45:44.011+0000] {manager.py:878} INFO - 
================================================================================
DAG File Processing Stats

File Path                                  PID  Runtime      # DAGs    # Errors  Last Runtime    Last Run
---------------------------------------  -----  ---------  --------  ----------  --------------  -------------------
/opt/airflow/dags/train_churn_model.py   81865  0.17s             1           0  1.08s           2025-10-01T03:45:43
/opt/airflow/dags/inference_pipeline.py  81875  0.00s             1           0  0.10s           2025-10-01T03:45:44
================================================================================
[2025-10-01T03:46:14.059+0000] {manager.py:878} INFO - 
================================================================================
DAG File Processing Stats

File Path                                  PID  Runtime      # DAGs    # Errors  Last Runtime    Last Run
---------------------------------------  -----  ---------  --------  ----------  --------------  -------------------
/opt/airflow/dags/train_churn_model.py   83474  1.37s             1           0  1.47s           2025-10-01T03:46:12
/opt/airflow/dags/inference_pipeline.py  83506  0.00s             1           0  0.12s           2025-10-01T03:46:14
================================================================================
[2025-10-01T03:46:44.083+0000] {manager.py:878} INFO - 
================================================================================
DAG File Processing Stats

File Path                                  PID  Runtime      # DAGs    # Errors  Last Runtime    Last Run
---------------------------------------  -----  ---------  --------  ----------  --------------  -------------------
/opt/airflow/dags/train_churn_model.py   85200  0.50s             1           0  0.89s           2025-10-01T03:46:43
/opt/airflow/dags/inference_pipeline.py  85232  0.01s             1           0  0.08s           2025-10-01T03:46:44
================================================================================
[2025-10-01T03:47:14.112+0000] {manager.py:878} INFO - 
================================================================================
DAG File Processing Stats

File Path                                  PID  Runtime      # DAGs    # Errors  Last Runtime    Last Run
---------------------------------------  -----  ---------  --------  ----------  --------------  -------------------
/opt/airflow/dags/train_churn_model.py   87088  0.09s             1           0  0.58s           2025-10-01T03:47:14
/opt/airflow/dags/inference_pipeline.py  87096  0.00s             1           0  0.08s           2025-10-01T03:47:14
================================================================================
[2025-10-01T03:47:44.154+0000] {manager.py:878} INFO - 
================================================================================
DAG File Processing Stats

File Path                                  PID  Runtime      # DAGs    # Errors  Last Runtime    Last Run
---------------------------------------  -----  ---------  --------  ----------  --------------  -------------------
/opt/airflow/dags/train_churn_model.py   89059  0.53s             1           0  0.63s           2025-10-01T03:47:43
/opt/airflow/dags/inference_pipeline.py  89096  0.00s             1           0  0.08s           2025-10-01T03:47:44
================================================================================
[2025-10-01T03:48:14.197+0000] {manager.py:878} INFO - 
================================================================================
DAG File Processing Stats

File Path                                  PID  Runtime      # DAGs    # Errors  Last Runtime    Last Run
---------------------------------------  -----  ---------  --------  ----------  --------------  -------------------
/opt/airflow/dags/train_churn_model.py   90912  0.54s             1           0  0.83s           2025-10-01T03:48:13
/opt/airflow/dags/inference_pipeline.py  90943  0.00s             1           0  0.07s           2025-10-01T03:48:14
================================================================================
[2025-10-01T03:48:44.794+0000] {manager.py:878} INFO - 
================================================================================
DAG File Processing Stats

File Path                                  PID  Runtime      # DAGs    # Errors  Last Runtime    Last Run
---------------------------------------  -----  ---------  --------  ----------  --------------  -------------------
/opt/airflow/dags/train_churn_model.py   92917  0.00s             1           0  0.62s           2025-10-01T03:48:44
/opt/airflow/dags/inference_pipeline.py  92920  0.00s             1           0  0.07s           2025-10-01T03:48:44
================================================================================
[2025-10-01T03:49:14.802+0000] {manager.py:878} INFO - 
================================================================================
DAG File Processing Stats

File Path                                  PID  Runtime      # DAGs    # Errors  Last Runtime    Last Run
---------------------------------------  -----  ---------  --------  ----------  --------------  -------------------
/opt/airflow/dags/train_churn_model.py   94550  0.40s             1           0  0.75s           2025-10-01T03:49:14
/opt/airflow/dags/inference_pipeline.py  94571  0.00s             1           0  0.11s           2025-10-01T03:49:14
================================================================================
[2025-10-01T03:49:44.078+0000] {manager.py:737} INFO - Searching for files in /opt/airflow/dags
[2025-10-01T03:49:44.228+0000] {manager.py:740} INFO - There are 2 files in /opt/airflow/dags
[2025-10-01T03:49:44.820+0000] {manager.py:878} INFO - 
================================================================================
DAG File Processing Stats

File Path                                  PID  Runtime      # DAGs    # Errors  Last Runtime    Last Run
---------------------------------------  -----  ---------  --------  ----------  --------------  -------------------
/opt/airflow/dags/train_churn_model.py   96338  0.01s             1           0  3.94s           2025-10-01T03:49:44
/opt/airflow/dags/inference_pipeline.py  96333  0.43s             1           0  1.91s           2025-10-01T03:49:44
================================================================================
[2025-10-01T03:50:14.919+0000] {manager.py:878} INFO - 
================================================================================
DAG File Processing Stats

File Path                                  PID  Runtime      # DAGs    # Errors  Last Runtime    Last Run
---------------------------------------  -----  ---------  --------  ----------  --------------  -------------------
/opt/airflow/dags/train_churn_model.py   98048  0.24s             1           0  0.72s           2025-10-01T03:50:14
/opt/airflow/dags/inference_pipeline.py  98063  0.01s             1           0  0.09s           2025-10-01T03:50:14
================================================================================
[2025-10-01T03:50:44.924+0000] {manager.py:878} INFO - 
================================================================================
DAG File Processing Stats

File Path                                  PID  Runtime      # DAGs    # Errors  Last Runtime    Last Run
---------------------------------------  -----  ---------  --------  ----------  --------------  -------------------
/opt/airflow/dags/train_churn_model.py   99835  0.18s             1           0  0.70s           2025-10-01T03:50:44
/opt/airflow/dags/inference_pipeline.py  99850  0.00s             1           0  0.07s           2025-10-01T03:50:44
================================================================================
[2025-10-01T03:51:15.010+0000] {manager.py:878} INFO - 
================================================================================
DAG File Processing Stats

File Path                                   PID  Runtime      # DAGs    # Errors  Last Runtime    Last Run
---------------------------------------  ------  ---------  --------  ----------  --------------  -------------------
/opt/airflow/dags/train_churn_model.py   101571  0.57s             1           0  0.81s           2025-10-01T03:51:14
/opt/airflow/dags/inference_pipeline.py  101608  0.00s             1           0  0.08s           2025-10-01T03:51:15
================================================================================
[2025-10-01T03:51:45.090+0000] {manager.py:878} INFO - 
================================================================================
DAG File Processing Stats

File Path                                   PID  Runtime      # DAGs    # Errors  Last Runtime    Last Run
---------------------------------------  ------  ---------  --------  ----------  --------------  -------------------
/opt/airflow/dags/train_churn_model.py   103148  0.20s             1           0  1.10s           2025-10-01T03:51:44
/opt/airflow/dags/inference_pipeline.py  103158  0.01s             1           0  0.12s           2025-10-01T03:51:45
================================================================================
[2025-10-01T03:52:15.095+0000] {manager.py:878} INFO - 
================================================================================
DAG File Processing Stats

File Path                                   PID  Runtime      # DAGs    # Errors  Last Runtime    Last Run
---------------------------------------  ------  ---------  --------  ----------  --------------  -------------------
/opt/airflow/dags/train_churn_model.py   104648  0.15s             1           0  0.92s           2025-10-01T03:52:14
/opt/airflow/dags/inference_pipeline.py  104658  0.00s             1           0  0.10s           2025-10-01T03:52:15
================================================================================
[2025-10-01T03:52:45.172+0000] {manager.py:878} INFO - 
================================================================================
DAG File Processing Stats

File Path                                   PID  Runtime      # DAGs    # Errors  Last Runtime    Last Run
---------------------------------------  ------  ---------  --------  ----------  --------------  -------------------
/opt/airflow/dags/train_churn_model.py   106386  0.30s             1           0  1.24s           2025-10-01T03:52:44
/opt/airflow/dags/inference_pipeline.py  106404  0.00s             1           0  0.10s           2025-10-01T03:52:45
================================================================================
[2025-10-01T03:53:15.201+0000] {manager.py:878} INFO - 
================================================================================
DAG File Processing Stats

File Path                                   PID  Runtime      # DAGs    # Errors  Last Runtime    Last Run
---------------------------------------  ------  ---------  --------  ----------  --------------  -------------------
/opt/airflow/dags/train_churn_model.py   107746  0.77s             1           0  1.16s           2025-10-01T03:53:14
/opt/airflow/dags/inference_pipeline.py  107791  0.00s             1           0  0.08s           2025-10-01T03:53:15
================================================================================
[2025-10-01T03:53:45.613+0000] {manager.py:878} INFO - 
================================================================================
DAG File Processing Stats

File Path                                   PID  Runtime      # DAGs    # Errors  Last Runtime    Last Run
---------------------------------------  ------  ---------  --------  ----------  --------------  -------------------
/opt/airflow/dags/train_churn_model.py   109096  1.02s             1           0  1.08s           2025-10-01T03:53:44
/opt/airflow/dags/inference_pipeline.py  109123  0.01s             1           0  0.54s           2025-10-01T03:53:45
================================================================================
[2025-10-01T03:54:15.629+0000] {manager.py:878} INFO - 
================================================================================
DAG File Processing Stats

File Path                                   PID  Runtime      # DAGs    # Errors  Last Runtime    Last Run
---------------------------------------  ------  ---------  --------  ----------  --------------  -------------------
/opt/airflow/dags/train_churn_model.py   110754  0.61s             1           0  0.63s           2025-10-01T03:54:15
/opt/airflow/dags/inference_pipeline.py  110791  0.00s             1           0  0.08s           2025-10-01T03:54:15
================================================================================
[2025-10-01T03:54:44.271+0000] {manager.py:737} INFO - Searching for files in /opt/airflow/dags
[2025-10-01T03:54:44.283+0000] {manager.py:740} INFO - There are 2 files in /opt/airflow/dags
[2025-10-01T03:54:45.696+0000] {manager.py:878} INFO - 
================================================================================
DAG File Processing Stats

File Path                                   PID  Runtime      # DAGs    # Errors  Last Runtime    Last Run
---------------------------------------  ------  ---------  --------  ----------  --------------  -------------------
/opt/airflow/dags/train_churn_model.py   112413  0.22s             1           0  1.47s           2025-10-01T03:54:45
/opt/airflow/dags/inference_pipeline.py  112423  0.01s             1           0  0.17s           2025-10-01T03:54:45
================================================================================
[2025-10-01T03:55:15.762+0000] {manager.py:878} INFO - 
================================================================================
DAG File Processing Stats

File Path                                   PID  Runtime      # DAGs    # Errors  Last Runtime    Last Run
---------------------------------------  ------  ---------  --------  ----------  --------------  -------------------
/opt/airflow/dags/train_churn_model.py   114165  0.62s             1           0  0.91s           2025-10-01T03:55:15
/opt/airflow/dags/inference_pipeline.py  114200  0.00s             1           0  0.09s           2025-10-01T03:55:15
================================================================================
[2025-10-01T03:55:45.771+0000] {manager.py:878} INFO - 
================================================================================
DAG File Processing Stats

File Path                                   PID  Runtime      # DAGs    # Errors  Last Runtime    Last Run
---------------------------------------  ------  ---------  --------  ----------  --------------  -------------------
/opt/airflow/dags/train_churn_model.py   115754  0.77s             1           0  0.65s           2025-10-01T03:55:44
/opt/airflow/dags/inference_pipeline.py  115781  0.01s             1           0  0.17s           2025-10-01T03:55:45
================================================================================
[2025-10-01T03:56:15.849+0000] {manager.py:878} INFO - 
================================================================================
DAG File Processing Stats

File Path                                   PID  Runtime      # DAGs    # Errors  Last Runtime    Last Run
---------------------------------------  ------  ---------  --------  ----------  --------------  -------------------
/opt/airflow/dags/train_churn_model.py   117307  0.81s             1           0  0.88s           2025-10-01T03:56:15
/opt/airflow/dags/inference_pipeline.py  117351  0.00s             1           0  0.08s           2025-10-01T03:56:15
================================================================================
[2025-10-01T03:56:45.898+0000] {manager.py:878} INFO - 
================================================================================
DAG File Processing Stats

File Path                                   PID  Runtime      # DAGs    # Errors  Last Runtime    Last Run
---------------------------------------  ------  ---------  --------  ----------  --------------  -------------------
/opt/airflow/dags/train_churn_model.py   119127  0.69s             1           0  0.90s           2025-10-01T03:56:45
/opt/airflow/dags/inference_pipeline.py  119169  0.00s             1           0  0.07s           2025-10-01T03:56:45
================================================================================
[2025-10-01T03:57:15.959+0000] {manager.py:878} INFO - 
================================================================================
DAG File Processing Stats

File Path                                   PID  Runtime      # DAGs    # Errors  Last Runtime    Last Run
---------------------------------------  ------  ---------  --------  ----------  --------------  -------------------
/opt/airflow/dags/train_churn_model.py   120552  1.44s             1           0  0.85s           2025-10-01T03:57:14
/opt/airflow/dags/inference_pipeline.py  120601  0.00s             1           0  0.16s           2025-10-01T03:57:15
================================================================================
[2025-10-01T03:57:46.055+0000] {manager.py:878} INFO - 
================================================================================
DAG File Processing Stats

File Path                                   PID  Runtime      # DAGs    # Errors  Last Runtime    Last Run
---------------------------------------  ------  ---------  --------  ----------  --------------  -------------------
/opt/airflow/dags/train_churn_model.py   122206  0.91s             1           0  0.71s           2025-10-01T03:57:45
/opt/airflow/dags/inference_pipeline.py  122252  0.00s             1           0  0.10s           2025-10-01T03:57:46
================================================================================
[2025-10-01T03:58:16.115+0000] {manager.py:878} INFO - 
================================================================================
DAG File Processing Stats

File Path                                   PID  Runtime      # DAGs    # Errors  Last Runtime    Last Run
---------------------------------------  ------  ---------  --------  ----------  --------------  -------------------
/opt/airflow/dags/train_churn_model.py   123766  0.79s             1           0  0.68s           2025-10-01T03:58:15
/opt/airflow/dags/inference_pipeline.py  123808  0.00s             1           0  0.10s           2025-10-01T03:58:16
================================================================================
[2025-10-01T03:58:46.176+0000] {manager.py:878} INFO - 
================================================================================
DAG File Processing Stats

File Path                                   PID  Runtime      # DAGs    # Errors  Last Runtime    Last Run
---------------------------------------  ------  ---------  --------  ----------  --------------  -------------------
/opt/airflow/dags/train_churn_model.py   125099  0.77s             1           0  0.76s           2025-10-01T03:58:45
/opt/airflow/dags/inference_pipeline.py  125136  0.00s             1           0  0.12s           2025-10-01T03:58:46
================================================================================
[2025-10-01T03:59:16.190+0000] {manager.py:878} INFO - 
================================================================================
DAG File Processing Stats

File Path                                   PID  Runtime      # DAGs    # Errors  Last Runtime    Last Run
---------------------------------------  ------  ---------  --------  ----------  --------------  -------------------
/opt/airflow/dags/train_churn_model.py   126986  0.00s             1           0  0.81s           2025-10-01T03:59:16
/opt/airflow/dags/inference_pipeline.py  126980  0.05s             1           0  0.08s           2025-10-01T03:59:16
================================================================================
[2025-10-01T03:59:44.340+0000] {manager.py:737} INFO - Searching for files in /opt/airflow/dags
[2025-10-01T03:59:44.344+0000] {manager.py:740} INFO - There are 2 files in /opt/airflow/dags
[2025-10-01T03:59:46.222+0000] {manager.py:878} INFO - 
================================================================================
DAG File Processing Stats

File Path                                   PID  Runtime      # DAGs    # Errors  Last Runtime    Last Run
---------------------------------------  ------  ---------  --------  ----------  --------------  -------------------
/opt/airflow/dags/train_churn_model.py   128722  1.30s             1           0  1.22s           2025-10-01T03:59:44
/opt/airflow/dags/inference_pipeline.py  128767  0.00s             1           0  0.19s           2025-10-01T03:59:46
================================================================================
[2025-10-01T04:00:16.262+0000] {manager.py:878} INFO - 
================================================================================
DAG File Processing Stats

File Path                                   PID  Runtime      # DAGs    # Errors  Last Runtime    Last Run
---------------------------------------  ------  ---------  --------  ----------  --------------  -------------------
/opt/airflow/dags/train_churn_model.py   130210  0.11s             1           0  0.97s           2025-10-01T04:00:16
/opt/airflow/dags/inference_pipeline.py  130220  0.00s             1           0  0.09s           2025-10-01T04:00:16
================================================================================
[2025-10-01T04:00:46.293+0000] {manager.py:878} INFO - 
================================================================================
DAG File Processing Stats

File Path                                   PID  Runtime      # DAGs    # Errors  Last Runtime    Last Run
---------------------------------------  ------  ---------  --------  ----------  --------------  -------------------
/opt/airflow/dags/train_churn_model.py   131539  0.34s             1           0  1.12s           2025-10-01T04:00:45
/opt/airflow/dags/inference_pipeline.py  131554  0.00s             1           0  0.12s           2025-10-01T04:00:46
================================================================================
[2025-10-01T04:01:16.354+0000] {manager.py:878} INFO - 
================================================================================
DAG File Processing Stats

File Path                                   PID  Runtime      # DAGs    # Errors  Last Runtime    Last Run
---------------------------------------  ------  ---------  --------  ----------  --------------  -------------------
/opt/airflow/dags/train_churn_model.py   133131  0.18s             1           0  0.89s           2025-10-01T04:01:16
/opt/airflow/dags/inference_pipeline.py  133146  0.00s             1           0  0.08s           2025-10-01T04:01:16
================================================================================
[2025-10-01T04:01:46.423+0000] {manager.py:878} INFO - 
================================================================================
DAG File Processing Stats

File Path                                   PID  Runtime      # DAGs    # Errors  Last Runtime    Last Run
---------------------------------------  ------  ---------  --------  ----------  --------------  -------------------
/opt/airflow/dags/train_churn_model.py   134795  0.58s             1           0  0.84s           2025-10-01T04:01:45
/opt/airflow/dags/inference_pipeline.py  134832  0.00s             1           0  0.07s           2025-10-01T04:01:46
================================================================================
[2025-10-01T04:02:16.431+0000] {manager.py:878} INFO - 
================================================================================
DAG File Processing Stats

File Path                                   PID  Runtime      # DAGs    # Errors  Last Runtime    Last Run
---------------------------------------  ------  ---------  --------  ----------  --------------  -------------------
/opt/airflow/dags/train_churn_model.py   136386  0.01s             1           0  0.81s           2025-10-01T04:02:16
/opt/airflow/dags/inference_pipeline.py  136391  0.00s             1           0  0.10s           2025-10-01T04:02:16
================================================================================
[2025-10-01T04:02:46.580+0000] {manager.py:878} INFO - 
================================================================================
DAG File Processing Stats

File Path                                   PID  Runtime      # DAGs    # Errors  Last Runtime    Last Run
---------------------------------------  ------  ---------  --------  ----------  --------------  -------------------
/opt/airflow/dags/train_churn_model.py   137952  0.67s             1           0  0.75s           2025-10-01T04:02:45
/opt/airflow/dags/inference_pipeline.py  137984  0.00s             1           0  0.15s           2025-10-01T04:02:46
================================================================================
[2025-10-01T04:03:16.680+0000] {manager.py:878} INFO - 
================================================================================
DAG File Processing Stats

File Path                                   PID  Runtime      # DAGs    # Errors  Last Runtime    Last Run
---------------------------------------  ------  ---------  --------  ----------  --------------  -------------------
/opt/airflow/dags/train_churn_model.py   139282  1.03s             1           0  0.97s           2025-10-01T04:03:15
/opt/airflow/dags/inference_pipeline.py  139319  0.00s             1           0  0.14s           2025-10-01T04:03:16
================================================================================
[2025-10-01T04:03:46.827+0000] {manager.py:878} INFO - 
================================================================================
DAG File Processing Stats

File Path                                   PID  Runtime      # DAGs    # Errors  Last Runtime    Last Run
---------------------------------------  ------  ---------  --------  ----------  --------------  -------------------
/opt/airflow/dags/train_churn_model.py   140654  0.58s             1           0  1.17s           2025-10-01T04:03:46
/opt/airflow/dags/inference_pipeline.py  140686  0.00s             1           0  0.17s           2025-10-01T04:03:46
================================================================================
[2025-10-01T04:04:16.830+0000] {manager.py:878} INFO - 
================================================================================
DAG File Processing Stats

File Path                                   PID  Runtime      # DAGs    # Errors  Last Runtime    Last Run
---------------------------------------  ------  ---------  --------  ----------  --------------  -------------------
/opt/airflow/dags/train_churn_model.py   142115  0.29s             1           0  0.96s           2025-10-01T04:04:16
/opt/airflow/dags/inference_pipeline.py  142135  0.00s             1           0  0.08s           2025-10-01T04:04:16
================================================================================
[2025-10-01T04:04:44.360+0000] {manager.py:737} INFO - Searching for files in /opt/airflow/dags
[2025-10-01T04:04:44.363+0000] {manager.py:740} INFO - There are 2 files in /opt/airflow/dags
[2025-10-01T04:04:46.898+0000] {manager.py:878} INFO - 
================================================================================
DAG File Processing Stats

File Path                                   PID  Runtime      # DAGs    # Errors  Last Runtime    Last Run
---------------------------------------  ------  ---------  --------  ----------  --------------  -------------------
/opt/airflow/dags/train_churn_model.py   143635  0.80s             1           0  0.98s           2025-10-01T04:04:46
/opt/airflow/dags/inference_pipeline.py  143677  0.00s             1           0  0.08s           2025-10-01T04:04:46
================================================================================
[2025-10-01T04:05:16.997+0000] {manager.py:878} INFO - 
================================================================================
DAG File Processing Stats

File Path                                   PID  Runtime      # DAGs    # Errors  Last Runtime    Last Run
---------------------------------------  ------  ---------  --------  ----------  --------------  -------------------
/opt/airflow/dags/train_churn_model.py   145251  0.44s             1           0  1.37s           2025-10-01T04:05:16
/opt/airflow/dags/inference_pipeline.py  145277  0.01s             1           0  0.11s           2025-10-01T04:05:16
================================================================================
[2025-10-01T04:05:47.072+0000] {manager.py:878} INFO - 
================================================================================
DAG File Processing Stats

File Path                                   PID  Runtime      # DAGs    # Errors  Last Runtime    Last Run
---------------------------------------  ------  ---------  --------  ----------  --------------  -------------------
/opt/airflow/dags/train_churn_model.py   146686  1.00s             1           0  1.13s           2025-10-01T04:05:46
/opt/airflow/dags/inference_pipeline.py  146728  0.00s             1           0  0.11s           2025-10-01T04:05:47
================================================================================
[2025-10-01T04:06:17.197+0000] {manager.py:878} INFO - 
================================================================================
DAG File Processing Stats

File Path                                   PID  Runtime      # DAGs    # Errors  Last Runtime    Last Run
---------------------------------------  ------  ---------  --------  ----------  --------------  -------------------
/opt/airflow/dags/train_churn_model.py   148040  0.61s             1           0  2.04s           2025-10-01T04:06:16
/opt/airflow/dags/inference_pipeline.py  148060  0.00s             1           0  0.20s           2025-10-01T04:06:17
================================================================================
[2025-10-01T04:06:47.287+0000] {manager.py:878} INFO - 
================================================================================
DAG File Processing Stats

File Path                                   PID  Runtime      # DAGs    # Errors  Last Runtime    Last Run
---------------------------------------  ------  ---------  --------  ----------  --------------  -------------------
/opt/airflow/dags/train_churn_model.py   149207  0.60s             1           0  0.90s           2025-10-01T04:06:46
/opt/airflow/dags/inference_pipeline.py  149239  0.00s             1           0  0.09s           2025-10-01T04:06:47
================================================================================
[2025-10-01T04:07:17.313+0000] {manager.py:878} INFO - 
================================================================================
DAG File Processing Stats

File Path                                   PID  Runtime      # DAGs    # Errors  Last Runtime    Last Run
---------------------------------------  ------  ---------  --------  ----------  --------------  -------------------
/opt/airflow/dags/train_churn_model.py   150541  0.16s             1           0  1.83s           2025-10-01T04:07:17
/opt/airflow/dags/inference_pipeline.py  150551  0.00s             1           0  0.13s           2025-10-01T04:07:17
================================================================================
[2025-10-01T04:07:47.419+0000] {manager.py:878} INFO - 
================================================================================
DAG File Processing Stats

File Path                                   PID  Runtime      # DAGs    # Errors  Last Runtime    Last Run
---------------------------------------  ------  ---------  --------  ----------  --------------  -------------------
/opt/airflow/dags/train_churn_model.py   152027  0.28s             1           0  1.20s           2025-10-01T04:07:47
/opt/airflow/dags/inference_pipeline.py  152042  0.01s             1           0  0.10s           2025-10-01T04:07:47
================================================================================
[2025-10-01T04:08:17.548+0000] {manager.py:878} INFO - 
================================================================================
DAG File Processing Stats

File Path                                   PID  Runtime      # DAGs    # Errors  Last Runtime    Last Run
---------------------------------------  ------  ---------  --------  ----------  --------------  -------------------
/opt/airflow/dags/train_churn_model.py   153326  0.48s             1           0  0.81s           2025-10-01T04:08:17
/opt/airflow/dags/inference_pipeline.py  153341  0.00s             1           0  0.20s           2025-10-01T04:08:17
================================================================================
[2025-10-01T04:08:47.611+0000] {manager.py:878} INFO - 
================================================================================
DAG File Processing Stats

File Path                                   PID  Runtime      # DAGs    # Errors  Last Runtime    Last Run
---------------------------------------  ------  ---------  --------  ----------  --------------  -------------------
/opt/airflow/dags/train_churn_model.py   154758  0.39s             1           0  0.94s           2025-10-01T04:08:47
/opt/airflow/dags/inference_pipeline.py  154785  0.00s             1           0  0.08s           2025-10-01T04:08:47
================================================================================
[2025-10-01T04:09:17.628+0000] {manager.py:878} INFO - 
================================================================================
DAG File Processing Stats

File Path                                   PID  Runtime      # DAGs    # Errors  Last Runtime    Last Run
---------------------------------------  ------  ---------  --------  ----------  --------------  -------------------
/opt/airflow/dags/train_churn_model.py   156335  0.73s             1           0  1.03s           2025-10-01T04:09:16
/opt/airflow/dags/inference_pipeline.py  156362  0.00s             1           0  0.11s           2025-10-01T04:09:17
================================================================================
[2025-10-01T04:09:44.383+0000] {manager.py:737} INFO - Searching for files in /opt/airflow/dags
[2025-10-01T04:09:44.389+0000] {manager.py:740} INFO - There are 2 files in /opt/airflow/dags
[2025-10-01T04:09:47.677+0000] {manager.py:878} INFO - 
================================================================================
DAG File Processing Stats

File Path                                   PID  Runtime      # DAGs    # Errors  Last Runtime    Last Run
---------------------------------------  ------  ---------  --------  ----------  --------------  -------------------
/opt/airflow/dags/train_churn_model.py   157899  0.72s             1           0  1.49s           2025-10-01T04:09:46
/opt/airflow/dags/inference_pipeline.py  157931  0.00s             1           0  0.17s           2025-10-01T04:09:47
================================================================================
[2025-10-01T04:10:17.720+0000] {manager.py:878} INFO - 
================================================================================
DAG File Processing Stats

File Path                                   PID  Runtime      # DAGs    # Errors  Last Runtime    Last Run
---------------------------------------  ------  ---------  --------  ----------  --------------  -------------------
/opt/airflow/dags/train_churn_model.py   159539  0.24s             1           0  0.78s           2025-10-01T04:10:17
/opt/airflow/dags/inference_pipeline.py  159554  0.01s             1           0  0.12s           2025-10-01T04:10:17
================================================================================
[2025-10-01T04:10:47.759+0000] {manager.py:878} INFO - 
================================================================================
DAG File Processing Stats

File Path                                   PID  Runtime      # DAGs    # Errors  Last Runtime    Last Run
---------------------------------------  ------  ---------  --------  ----------  --------------  -------------------
/opt/airflow/dags/train_churn_model.py   161193  0.23s             1           0  0.81s           2025-10-01T04:10:47
/opt/airflow/dags/inference_pipeline.py  161208  0.00s             1           0  0.09s           2025-10-01T04:10:47
================================================================================
[2025-10-01T04:11:17.765+0000] {manager.py:878} INFO - 
================================================================================
DAG File Processing Stats

File Path                                   PID  Runtime      # DAGs    # Errors  Last Runtime    Last Run
---------------------------------------  ------  ---------  --------  ----------  --------------  -------------------
/opt/airflow/dags/train_churn_model.py   162709  0.35s             1           0  0.71s           2025-10-01T04:11:17
/opt/airflow/dags/inference_pipeline.py  162729  0.00s             1           0  0.12s           2025-10-01T04:11:17
================================================================================
[2025-10-01T04:11:47.795+0000] {manager.py:878} INFO - 
================================================================================
DAG File Processing Stats

File Path                                   PID  Runtime      # DAGs    # Errors  Last Runtime    Last Run
---------------------------------------  ------  ---------  --------  ----------  --------------  -------------------
/opt/airflow/dags/train_churn_model.py   164198  0.40s             1           0  1.31s           2025-10-01T04:11:47
/opt/airflow/dags/inference_pipeline.py  164216  0.00s             1           0  0.14s           2025-10-01T04:11:47
================================================================================
[2025-10-01T04:12:17.831+0000] {manager.py:878} INFO - 
================================================================================
DAG File Processing Stats

File Path                                   PID  Runtime      # DAGs    # Errors  Last Runtime    Last Run
---------------------------------------  ------  ---------  --------  ----------  --------------  -------------------
/opt/airflow/dags/train_churn_model.py   165637  0.59s             1           0  0.88s           2025-10-01T04:12:17
/opt/airflow/dags/inference_pipeline.py  165674  0.00s             1           0  0.07s           2025-10-01T04:12:17
================================================================================
[2025-10-01T04:12:47.847+0000] {manager.py:878} INFO - 
================================================================================
DAG File Processing Stats

File Path                                   PID  Runtime      # DAGs    # Errors  Last Runtime    Last Run
---------------------------------------  ------  ---------  --------  ----------  --------------  -------------------
/opt/airflow/dags/train_churn_model.py   167266  0.30s             1           0  0.75s           2025-10-01T04:12:47
/opt/airflow/dags/inference_pipeline.py  167286  0.00s             1           0  0.10s           2025-10-01T04:12:47
================================================================================
[2025-10-01T04:13:18.485+0000] {manager.py:878} INFO - 
================================================================================
DAG File Processing Stats

File Path                                   PID  Runtime      # DAGs    # Errors  Last Runtime    Last Run
---------------------------------------  ------  ---------  --------  ----------  --------------  -------------------
/opt/airflow/dags/train_churn_model.py   168712  1.16s             1           0  1.73s           2025-10-01T04:13:17
/opt/airflow/dags/inference_pipeline.py  168744  0.02s             1           0  0.62s           2025-10-01T04:13:18
================================================================================
[2025-10-01T04:13:48.500+0000] {manager.py:878} INFO - 
================================================================================
DAG File Processing Stats

File Path                                   PID  Runtime      # DAGs    # Errors  Last Runtime    Last Run
---------------------------------------  ------  ---------  --------  ----------  --------------  -------------------
/opt/airflow/dags/train_churn_model.py   170084  0.05s             1           0  0.67s           2025-10-01T04:13:48
/opt/airflow/dags/inference_pipeline.py  170089  0.00s             1           0  0.07s           2025-10-01T04:13:48
================================================================================
[2025-10-01T04:14:18.520+0000] {manager.py:878} INFO - 
================================================================================
DAG File Processing Stats

File Path                                   PID  Runtime      # DAGs    # Errors  Last Runtime    Last Run
---------------------------------------  ------  ---------  --------  ----------  --------------  -------------------
/opt/airflow/dags/train_churn_model.py   171320  0.17s             1           0  0.75s           2025-10-01T04:14:18
/opt/airflow/dags/inference_pipeline.py  171330  0.00s             1           0  0.09s           2025-10-01T04:14:18
================================================================================
[2025-10-01T04:14:44.531+0000] {manager.py:737} INFO - Searching for files in /opt/airflow/dags
[2025-10-01T04:14:44.535+0000] {manager.py:740} INFO - There are 2 files in /opt/airflow/dags
[2025-10-01T04:14:48.528+0000] {manager.py:878} INFO - 
================================================================================
DAG File Processing Stats

File Path                                   PID  Runtime      # DAGs    # Errors  Last Runtime    Last Run
---------------------------------------  ------  ---------  --------  ----------  --------------  -------------------
/opt/airflow/dags/train_churn_model.py   172658  0.59s             1           0  0.72s           2025-10-01T04:14:47
/opt/airflow/dags/inference_pipeline.py  172695  0.00s             1           0  0.08s           2025-10-01T04:14:48
================================================================================
[2025-10-01T04:15:18.635+0000] {manager.py:878} INFO - 
================================================================================
DAG File Processing Stats

File Path                                   PID  Runtime      # DAGs    # Errors  Last Runtime    Last Run
---------------------------------------  ------  ---------  --------  ----------  --------------  -------------------
/opt/airflow/dags/train_churn_model.py   174090  0.24s             1           0  1.24s           2025-10-01T04:15:18
/opt/airflow/dags/inference_pipeline.py  174100  0.00s             1           0  0.13s           2025-10-01T04:15:18
================================================================================
[2025-10-01T04:15:48.654+0000] {manager.py:878} INFO - 
================================================================================
DAG File Processing Stats

File Path                                   PID  Runtime      # DAGs    # Errors  Last Runtime    Last Run
---------------------------------------  ------  ---------  --------  ----------  --------------  -------------------
/opt/airflow/dags/train_churn_model.py   175751  0.32s             1           0  0.70s           2025-10-01T04:15:48
/opt/airflow/dags/inference_pipeline.py  175773  0.00s             1           0  0.07s           2025-10-01T04:15:48
================================================================================
[2025-10-01T04:16:18.730+0000] {manager.py:878} INFO - 
================================================================================
DAG File Processing Stats

File Path                                   PID  Runtime      # DAGs    # Errors  Last Runtime    Last Run
---------------------------------------  ------  ---------  --------  ----------  --------------  -------------------
/opt/airflow/dags/train_churn_model.py   177373  1.03s             1           0  1.29s           2025-10-01T04:16:17
/opt/airflow/dags/inference_pipeline.py  177420  0.00s             1           0  0.10s           2025-10-01T04:16:18
================================================================================
[2025-10-01T04:16:48.762+0000] {manager.py:878} INFO - 
================================================================================
DAG File Processing Stats

File Path                                   PID  Runtime      # DAGs    # Errors  Last Runtime    Last Run
---------------------------------------  ------  ---------  --------  ----------  --------------  -------------------
/opt/airflow/dags/train_churn_model.py   179540  0.58s             1           0  0.54s           2025-10-01T04:16:48
/opt/airflow/dags/inference_pipeline.py  179591  0.00s             1           0  0.09s           2025-10-01T04:16:48
================================================================================
[2025-10-01T04:17:18.793+0000] {manager.py:878} INFO - 
================================================================================
DAG File Processing Stats

File Path                                   PID  Runtime      # DAGs    # Errors  Last Runtime    Last Run
---------------------------------------  ------  ---------  --------  ----------  --------------  -------------------
/opt/airflow/dags/train_churn_model.py   182019  0.00s             1           0  0.51s           2025-10-01T04:17:18
/opt/airflow/dags/inference_pipeline.py  182014  0.04s             1           0  0.05s           2025-10-01T04:17:18
================================================================================
[2025-10-01T04:17:48.832+0000] {manager.py:878} INFO - 
================================================================================
DAG File Processing Stats

File Path                                   PID  Runtime      # DAGs    # Errors  Last Runtime    Last Run
---------------------------------------  ------  ---------  --------  ----------  --------------  -------------------
/opt/airflow/dags/train_churn_model.py   184403  0.39s             1           0  0.70s           2025-10-01T04:17:48
/opt/airflow/dags/inference_pipeline.py  184435  0.00s             1           0  0.07s           2025-10-01T04:17:48
================================================================================
[2025-10-01T04:18:18.874+0000] {manager.py:878} INFO - 
================================================================================
DAG File Processing Stats

File Path                                   PID  Runtime      # DAGs    # Errors  Last Runtime    Last Run
---------------------------------------  ------  ---------  --------  ----------  --------------  -------------------
/opt/airflow/dags/train_churn_model.py   187025  0.10s             1           0  0.66s           2025-10-01T04:18:18
/opt/airflow/dags/inference_pipeline.py  187035  0.00s             1           0  0.05s           2025-10-01T04:18:18
================================================================================
[2025-10-01T04:18:48.891+0000] {manager.py:878} INFO - 
================================================================================
DAG File Processing Stats

File Path                                   PID  Runtime      # DAGs    # Errors  Last Runtime    Last Run
---------------------------------------  ------  ---------  --------  ----------  --------------  -------------------
/opt/airflow/dags/train_churn_model.py   189328  0.18s             1           0  0.59s           2025-10-01T04:18:48
/opt/airflow/dags/inference_pipeline.py  189348  0.00s             1           0  0.06s           2025-10-01T04:18:48
================================================================================
[2025-10-01T04:19:18.893+0000] {manager.py:878} INFO - 
================================================================================
DAG File Processing Stats

File Path                                   PID  Runtime      # DAGs    # Errors  Last Runtime    Last Run
---------------------------------------  ------  ---------  --------  ----------  --------------  -------------------
/opt/airflow/dags/train_churn_model.py   191906  0.00s             1           0  0.65s           2025-10-01T04:19:18
/opt/airflow/dags/inference_pipeline.py  191900  0.05s             1           0  0.06s           2025-10-01T04:19:18
================================================================================
[2025-10-01T04:19:44.553+0000] {manager.py:737} INFO - Searching for files in /opt/airflow/dags
[2025-10-01T04:19:44.555+0000] {manager.py:740} INFO - There are 2 files in /opt/airflow/dags
[2025-10-01T04:19:49.102+0000] {manager.py:878} INFO - 
================================================================================
DAG File Processing Stats

File Path                                   PID  Runtime      # DAGs    # Errors  Last Runtime    Last Run
---------------------------------------  ------  ---------  --------  ----------  --------------  -------------------
/opt/airflow/dags/train_churn_model.py   194382  0.01s             1           0  0.79s           2025-10-01T04:19:49
/opt/airflow/dags/inference_pipeline.py  194385  0.00s             1           0  0.06s           2025-10-01T04:19:48
================================================================================
[2025-10-01T04:20:19.132+0000] {manager.py:878} INFO - 
================================================================================
DAG File Processing Stats

File Path                                   PID  Runtime      # DAGs    # Errors  Last Runtime    Last Run
---------------------------------------  ------  ---------  --------  ----------  --------------  -------------------
/opt/airflow/dags/train_churn_model.py   196852  0.01s             1           0  0.54s           2025-10-01T04:20:19
/opt/airflow/dags/inference_pipeline.py  196855  0.00s             1           0  0.06s           2025-10-01T04:20:19
================================================================================
[2025-10-01T04:20:49.159+0000] {manager.py:878} INFO - 
================================================================================
DAG File Processing Stats

File Path                                   PID  Runtime      # DAGs    # Errors  Last Runtime    Last Run
---------------------------------------  ------  ---------  --------  ----------  --------------  -------------------
/opt/airflow/dags/train_churn_model.py   199093  0.41s             1           0  0.64s           2025-10-01T04:20:48
/opt/airflow/dags/inference_pipeline.py  199119  0.00s             1           0  0.14s           2025-10-01T04:20:49
================================================================================
[2025-10-01T04:21:19.251+0000] {manager.py:878} INFO - 
================================================================================
DAG File Processing Stats

File Path                                   PID  Runtime      # DAGs    # Errors  Last Runtime    Last Run
---------------------------------------  ------  ---------  --------  ----------  --------------  -------------------
/opt/airflow/dags/train_churn_model.py   201371  1.10s             1           0  0.76s           2025-10-01T04:21:18
/opt/airflow/dags/inference_pipeline.py  201418  0.01s             1           0  0.30s           2025-10-01T04:21:19
================================================================================
[2025-10-01T04:21:49.260+0000] {manager.py:878} INFO - 
================================================================================
DAG File Processing Stats

File Path                                   PID  Runtime      # DAGs    # Errors  Last Runtime    Last Run
---------------------------------------  ------  ---------  --------  ----------  --------------  -------------------
/opt/airflow/dags/train_churn_model.py   203809  0.35s             1           0  0.59s           2025-10-01T04:21:48
/opt/airflow/dags/inference_pipeline.py  203839  0.00s             1           0  0.07s           2025-10-01T04:21:49
================================================================================
[2025-10-01T04:22:19.301+0000] {manager.py:878} INFO - 
================================================================================
DAG File Processing Stats

File Path                                   PID  Runtime      # DAGs    # Errors  Last Runtime    Last Run
---------------------------------------  ------  ---------  --------  ----------  --------------  -------------------
/opt/airflow/dags/train_churn_model.py   206298  0.53s             1           0  0.57s           2025-10-01T04:22:18
/opt/airflow/dags/inference_pipeline.py  206338  0.00s             1           0  0.06s           2025-10-01T04:22:19
================================================================================
[2025-10-01T04:22:49.310+0000] {manager.py:878} INFO - 
================================================================================
DAG File Processing Stats

File Path                                   PID  Runtime      # DAGs    # Errors  Last Runtime    Last Run
---------------------------------------  ------  ---------  --------  ----------  --------------  -------------------
/opt/airflow/dags/train_churn_model.py   208432  0.11s             1           0  1.41s           2025-10-01T04:22:49
/opt/airflow/dags/inference_pipeline.py  208440  0.00s             1           0  0.09s           2025-10-01T04:22:49
================================================================================
[2025-10-01T04:23:19.331+0000] {manager.py:878} INFO - 
================================================================================
DAG File Processing Stats

File Path                                   PID  Runtime      # DAGs    # Errors  Last Runtime    Last Run
---------------------------------------  ------  ---------  --------  ----------  --------------  -------------------
/opt/airflow/dags/train_churn_model.py   210599  0.16s             1           0  0.52s           2025-10-01T04:23:19
/opt/airflow/dags/inference_pipeline.py  210612  0.00s             1           0  0.07s           2025-10-01T04:23:19
================================================================================
[2025-10-01T04:23:49.381+0000] {manager.py:878} INFO - 
================================================================================
DAG File Processing Stats

File Path                                   PID  Runtime      # DAGs    # Errors  Last Runtime    Last Run
---------------------------------------  ------  ---------  --------  ----------  --------------  -------------------
/opt/airflow/dags/train_churn_model.py   213181  0.19s             1           0  0.51s           2025-10-01T04:23:49
/opt/airflow/dags/inference_pipeline.py  213194  0.00s             1           0  0.11s           2025-10-01T04:23:49
================================================================================
[2025-10-01T04:24:19.384+0000] {manager.py:878} INFO - 
================================================================================
DAG File Processing Stats

File Path                                   PID  Runtime      # DAGs    # Errors  Last Runtime    Last Run
---------------------------------------  ------  ---------  --------  ----------  --------------  -------------------
/opt/airflow/dags/train_churn_model.py   215641  0.11s             1           0  0.74s           2025-10-01T04:24:19
/opt/airflow/dags/inference_pipeline.py  215651  0.00s             1           0  0.06s           2025-10-01T04:24:19
================================================================================
[2025-10-01T04:24:44.574+0000] {manager.py:737} INFO - Searching for files in /opt/airflow/dags
[2025-10-01T04:24:44.576+0000] {manager.py:740} INFO - There are 2 files in /opt/airflow/dags
